0 verbose cli /usr/local/bin/node /usr/local/bin/npm
1 info using npm@9.8.1
2 info using node@v18.20.8
3 timing npm:load:whichnode Completed in 2ms
4 timing config:load:defaults Completed in 4ms
5 timing config:load:file:/usr/local/lib/node_modules/npm/npmrc Completed in 9ms
6 timing config:load:builtin Completed in 15ms
7 timing config:load:cli Completed in 11ms
8 timing config:load:env Completed in 1ms
9 timing config:load:project Completed in 14ms
10 timing config:load:file:/home/container/.npmrc Completed in 1ms
11 timing config:load:user Completed in 1ms
12 timing config:load:file:/usr/local/etc/npmrc Completed in 0ms
13 timing config:load:global Completed in 0ms
14 timing config:load:setEnvs Completed in 2ms
15 timing config:load Completed in 53ms
16 timing npm:load:configload Completed in 53ms
17 timing config:load:flatten Completed in 5ms
18 timing npm:load:mkdirpcache Completed in 1ms
19 timing npm:load:mkdirplogs Completed in 0ms
20 verbose title npm install npm uninstall dotenv
21 verbose argv "install" "npm" "uninstall" "dotenv"
22 timing npm:load:setTitle Completed in 2ms
23 timing npm:load:display Completed in 1ms
24 verbose logfile logs-max:10 dir:/home/container/.npm/_logs/2025-09-06T00_36_23_150Z-
25 verbose logfile /home/container/.npm/_logs/2025-09-06T00_36_23_150Z-debug-0.log
26 timing npm:load:logFile Completed in 17ms
27 timing npm:load:timers Completed in 0ms
28 timing npm:load:configScope Completed in 0ms
29 timing npm:load Completed in 120ms
30 timing arborist:ctor Completed in 2ms
31 silly logfile done cleaning log files
32 timing idealTree:init Completed in 307ms
33 timing idealTree:userRequests Completed in 1ms
34 silly idealTree buildDeps
35 silly fetch manifest dotenv@^17.2.2
36 timing arborist:ctor Completed in 0ms
37 http fetch GET 200 https://registry.npmjs.org/dotenv 341ms (cache revalidated)
38 silly fetch manifest npm@^11.6.0
39 http fetch GET 200 https://registry.npmjs.org/npm 48ms (cache revalidated)
40 silly fetch manifest uninstall@^0.0.0
41 http fetch GET 200 https://registry.npmjs.org/uninstall 561ms (cache revalidated)
42 silly placeDep ROOT dotenv@17.2.2 REPLACE for:  want: ^17.2.2
43 silly placeDep ROOT npm@11.6.0 REPLACE for:  want: ^11.6.0
44 silly placeDep ROOT uninstall@0.0.0 REPLACE for:  want: ^0.0.0
45 timing idealTree:#root Completed in 1164ms
46 timing idealTree:node_modules/dotenv Completed in 0ms
47 timing idealTree:node_modules/npm Completed in 0ms
48 timing idealTree:node_modules/uninstall Completed in 0ms
49 timing idealTree:buildDeps Completed in 1166ms
50 timing idealTree:fixDepFlags Completed in 59ms
51 warn EBADENGINE Unsupported engine {
51 warn EBADENGINE   package: 'npm@11.6.0',
51 warn EBADENGINE   required: { node: '^20.17.0 || >=22.9.0' },
51 warn EBADENGINE   current: { node: 'v18.20.8', npm: '9.8.1' }
51 warn EBADENGINE }
52 warn EBADENGINE Unsupported engine {
52 warn EBADENGINE   package: '@npmcli/arborist@9.1.4',
52 warn EBADENGINE   required: { node: '^20.17.0 || >=22.9.0' },
52 warn EBADENGINE   current: { node: 'v18.20.8', npm: '9.8.1' }
52 warn EBADENGINE }
53 warn EBADENGINE Unsupported engine {
53 warn EBADENGINE   package: '@npmcli/config@10.4.0',
53 warn EBADENGINE   required: { node: '^20.17.0 || >=22.9.0' },
53 warn EBADENGINE   current: { node: 'v18.20.8', npm: '9.8.1' }
53 warn EBADENGINE }
54 warn EBADENGINE Unsupported engine {
54 warn EBADENGINE   package: '@npmcli/metavuln-calculator@9.0.1',
54 warn EBADENGINE   required: { node: '^20.17.0 || >=22.9.0' },
54 warn EBADENGINE   current: { node: 'v18.20.8', npm: '9.8.1' }
54 warn EBADENGINE }
55 warn EBADENGINE Unsupported engine {
55 warn EBADENGINE   package: 'init-package-json@8.2.1',
55 warn EBADENGINE   required: { node: '^20.17.0 || >=22.9.0' },
55 warn EBADENGINE   current: { node: 'v18.20.8', npm: '9.8.1' }
55 warn EBADENGINE }
56 warn EBADENGINE Unsupported engine {
56 warn EBADENGINE   package: 'libnpmaccess@10.0.1',
56 warn EBADENGINE   required: { node: '^20.17.0 || >=22.9.0' },
56 warn EBADENGINE   current: { node: 'v18.20.8', npm: '9.8.1' }
56 warn EBADENGINE }
57 warn EBADENGINE Unsupported engine {
57 warn EBADENGINE   package: 'libnpmdiff@8.0.7',
57 warn EBADENGINE   required: { node: '^20.17.0 || >=22.9.0' },
57 warn EBADENGINE   current: { node: 'v18.20.8', npm: '9.8.1' }
57 warn EBADENGINE }
58 warn EBADENGINE Unsupported engine {
58 warn EBADENGINE   package: 'libnpmexec@10.1.6',
58 warn EBADENGINE   required: { node: '^20.17.0 || >=22.9.0' },
58 warn EBADENGINE   current: { node: 'v18.20.8', npm: '9.8.1' }
58 warn EBADENGINE }
59 warn EBADENGINE Unsupported engine {
59 warn EBADENGINE   package: 'libnpmfund@7.0.7',
59 warn EBADENGINE   required: { node: '^20.17.0 || >=22.9.0' },
59 warn EBADENGINE   current: { node: 'v18.20.8', npm: '9.8.1' }
59 warn EBADENGINE }
60 warn EBADENGINE Unsupported engine {
60 warn EBADENGINE   package: 'libnpmorg@8.0.0',
60 warn EBADENGINE   required: { node: '^20.17.0 || >=22.9.0' },
60 warn EBADENGINE   current: { node: 'v18.20.8', npm: '9.8.1' }
60 warn EBADENGINE }
61 warn EBADENGINE Unsupported engine {
61 warn EBADENGINE   package: 'libnpmpack@9.0.7',
61 warn EBADENGINE   required: { node: '^20.17.0 || >=22.9.0' },
61 warn EBADENGINE   current: { node: 'v18.20.8', npm: '9.8.1' }
61 warn EBADENGINE }
62 warn EBADENGINE Unsupported engine {
62 warn EBADENGINE   package: 'libnpmpublish@11.1.0',
62 warn EBADENGINE   required: { node: '^20.17.0 || >=22.9.0' },
62 warn EBADENGINE   current: { node: 'v18.20.8', npm: '9.8.1' }
62 warn EBADENGINE }
63 warn EBADENGINE Unsupported engine {
63 warn EBADENGINE   package: 'libnpmsearch@9.0.0',
63 warn EBADENGINE   required: { node: '^20.17.0 || >=22.9.0' },
63 warn EBADENGINE   current: { node: 'v18.20.8', npm: '9.8.1' }
63 warn EBADENGINE }
64 warn EBADENGINE Unsupported engine {
64 warn EBADENGINE   package: 'libnpmteam@8.0.1',
64 warn EBADENGINE   required: { node: '^20.17.0 || >=22.9.0' },
64 warn EBADENGINE   current: { node: 'v18.20.8', npm: '9.8.1' }
64 warn EBADENGINE }
65 warn EBADENGINE Unsupported engine {
65 warn EBADENGINE   package: 'libnpmversion@8.0.1',
65 warn EBADENGINE   required: { node: '^20.17.0 || >=22.9.0' },
65 warn EBADENGINE   current: { node: 'v18.20.8', npm: '9.8.1' }
65 warn EBADENGINE }
66 warn EBADENGINE Unsupported engine {
66 warn EBADENGINE   package: 'npm-packlist@10.0.0',
66 warn EBADENGINE   required: { node: '^20.17.0 || >=22.9.0' },
66 warn EBADENGINE   current: { node: 'v18.20.8', npm: '9.8.1' }
66 warn EBADENGINE }
67 warn EBADENGINE Unsupported engine {
67 warn EBADENGINE   package: 'pacote@21.0.0',
67 warn EBADENGINE   required: { node: '^20.17.0 || >=22.9.0' },
67 warn EBADENGINE   current: { node: 'v18.20.8', npm: '9.8.1' }
67 warn EBADENGINE }
68 warn EBADENGINE Unsupported engine {
68 warn EBADENGINE   package: 'walk-up-path@4.0.0',
68 warn EBADENGINE   required: { node: '20 || >=22' },
68 warn EBADENGINE   current: { node: 'v18.20.8', npm: '9.8.1' }
68 warn EBADENGINE }
69 timing idealTree Completed in 1561ms
70 timing reify:loadTrees Completed in 1563ms
71 timing reify:diffTrees Completed in 179ms
72 silly reify moves {}
73 timing reify:retireShallow Completed in 0ms
74 timing reify:createSparse Completed in 0ms
75 timing reify:loadBundles Completed in 0ms
76 silly audit bulk request {
76 silly audit   '@discordjs/builders': [ '1.11.3' ],
76 silly audit   '@discordjs/formatters': [ '0.6.1', '0.3.3' ],
76 silly audit   'discord-api-types': [ '0.38.23', '0.37.61' ],
76 silly audit   tslib: [ '2.8.1', '2.6.2' ],
76 silly audit   '@discordjs/collection': [ '1.5.3', '2.1.1', '2.1.0' ],
76 silly audit   '@discordjs/rest': [ '2.6.0' ],
76 silly audit   '@sapphire/snowflake': [ '3.5.3', '3.5.1' ],
76 silly audit   undici: [ '6.21.3', '5.27.2' ],
76 silly audit   '@discordjs/util': [ '1.1.1' ],
76 silly audit   '@discordjs/ws': [ '1.2.3' ],
76 silly audit   '@types/ws': [ '8.5.12', '8.5.9' ],
76 silly audit   ws: [ '8.18.0', '8.14.2' ],
76 silly audit   '@fastify/busboy': [ '2.1.1' ],
76 silly audit   '@sapphire/async-queue': [ '1.5.3' ],
76 silly audit   '@sapphire/shapeshift': [ '4.0.0' ],
76 silly audit   '@types/node': [ '22.0.0' ],
76 silly audit   '@vladfrangu/async_event_emitter': [ '2.4.6' ],
76 silly audit   accepts: [ '1.3.8' ],
76 silly audit   'ansi-styles': [ '4.3.0', '6.2.1' ],
76 silly audit   'array-flatten': [ '1.1.1' ],
76 silly audit   async: [ '3.2.5' ],
76 silly audit   'balanced-match': [ '1.0.2' ],
76 silly audit   base64url: [ '3.0.1' ],
76 silly audit   'boda.js': [ '8.2.12' ],
76 silly audit   'body-parser': [ '1.20.2' ],
76 silly audit   'brace-expansion': [ '1.1.11', '2.0.1', '2.0.2' ],
76 silly audit   bytes: [ '3.1.2' ],
76 silly audit   'call-bind': [ '1.0.7' ],
76 silly audit   chalk: [ '4.1.2', '5.4.1' ],
76 silly audit   'color-convert': [ '2.0.1' ],
76 silly audit   'color-name': [ '1.1.4' ],
76 silly audit   'concat-map': [ '0.0.1' ],
76 silly audit   'content-disposition': [ '0.5.4' ],
76 silly audit   'content-type': [ '1.0.5' ],
76 silly audit   cookie: [ '0.6.0' ],
76 silly audit   'cookie-signature': [ '1.0.6', '1.0.7' ],
76 silly audit   debug: [ '2.6.9', '4.4.1' ],
76 silly audit   'define-data-property': [ '1.1.4' ],
76 silly audit   depd: [ '2.0.0' ],
76 silly audit   destroy: [ '1.2.0' ],
76 silly audit   'discord.js': [ '14.22.1' ],
76 silly audit   'ee-first': [ '1.1.1' ],
76 silly audit   ejs: [ '3.1.10' ],
76 silly audit   encodeurl: [ '1.0.2' ],
76 silly audit   'es-define-property': [ '1.0.0' ],
76 silly audit   'es-errors': [ '1.3.0' ],
76 silly audit   'escape-html': [ '1.0.3' ],
76 silly audit   etag: [ '1.8.1' ],
76 silly audit   express: [ '4.19.2' ],
76 silly audit   'express-rate-limit': [ '7.4.0' ],
76 silly audit   'express-session': [ '1.18.0' ],
76 silly audit   'fast-deep-equal': [ '3.1.3' ],
76 silly audit   filelist: [ '1.0.4' ],
76 silly audit   minimatch: [ '5.1.6', '3.1.2', '9.0.5' ],
76 silly audit   finalhandler: [ '1.2.0' ],
76 silly audit   forwarded: [ '0.2.0' ],
76 silly audit   fresh: [ '0.5.2' ],
76 silly audit   'fs.realpath': [ '1.0.0' ],
76 silly audit   'function-bind': [ '1.1.2' ],
76 silly audit   'get-intrinsic': [ '1.2.4' ],
76 silly audit   glob: [ '7.2.3', '10.4.5' ],
76 silly audit   gopd: [ '1.0.1' ],
76 silly audit   'has-flag': [ '4.0.0' ],
76 silly audit   'has-property-descriptors': [ '1.0.2' ],
76 silly audit   'has-proto': [ '1.0.3' ],
76 silly audit   'has-symbols': [ '1.0.3' ],
76 silly audit   hasown: [ '2.0.2' ],
76 silly audit   helmet: [ '7.1.0' ],
76 silly audit   'http-errors': [ '2.0.0' ],
76 silly audit   'iconv-lite': [ '0.4.24', '0.6.3' ],
76 silly audit   inflight: [ '1.0.6' ],
76 silly audit   inherits: [ '2.0.4' ],
76 silly audit   'ipaddr.js': [ '1.9.1' ],
76 silly audit   jake: [ '10.9.2' ],
76 silly audit   lodash: [ '4.17.21' ],
76 silly audit   'lodash.snakecase': [ '4.1.1' ],
76 silly audit   'magic-bytes.js': [ '1.10.0' ],
76 silly audit   'media-typer': [ '0.3.0' ],
76 silly audit   'merge-descriptors': [ '1.0.1' ],
76 silly audit   methods: [ '1.1.2' ],
76 silly audit   mime: [ '1.6.0' ],
76 silly audit   'mime-db': [ '1.52.0' ],
76 silly audit   'mime-types': [ '2.1.35' ],
76 silly audit   ms: [ '2.0.0', '2.1.3' ],
76 silly audit   negotiator: [ '0.6.3', '1.0.0' ],
76 silly audit   'node-fetch': [ '2.3.0' ],
76 silly audit   'safer-buffer': [ '2.1.2' ],
76 silly audit   'supports-color': [ '7.2.0', '10.0.0' ],
76 silly audit   oauth: [ '0.10.0' ],
76 silly audit   'object-inspect': [ '1.13.2' ],
76 silly audit   'on-finished': [ '2.4.1' ],
76 silly audit   'on-headers': [ '1.0.2' ],
76 silly audit   once: [ '1.4.0' ],
76 silly audit   parseurl: [ '1.3.3' ],
76 silly audit   passport: [ '0.7.0' ],
76 silly audit   'passport-discord': [ '0.1.4' ],
76 silly audit   'passport-oauth2': [ '1.8.0' ],
76 silly audit   'passport-strategy': [ '1.0.0' ],
76 silly audit   'path-is-absolute': [ '1.0.1' ],
76 silly audit   'path-to-regexp': [ '0.1.7' ],
76 silly audit   pause: [ '0.0.1' ],
76 silly audit   'pro.db': [ '3.0.8' ],
76 silly audit   'proxy-addr': [ '2.0.7' ],
76 silly audit   qs: [ '6.11.0' ],
76 silly audit   'random-bytes': [ '1.0.0' ],
76 silly audit   'range-parser': [ '1.2.1' ],
76 silly audit   'raw-body': [ '2.5.2' ],
76 silly audit   'safe-buffer': [ '5.2.1' ],
76 silly audit   send: [ '0.18.0' ],
76 silly audit   'serve-static': [ '1.15.0' ],
76 silly audit   'set-function-length': [ '1.2.2' ],
76 silly audit   setprototypeof: [ '1.2.0' ],
76 silly audit   'side-channel': [ '1.0.6' ],
76 silly audit   statuses: [ '2.0.1' ],
76 silly audit   toidentifier: [ '1.0.1' ],
76 silly audit   'ts-mixer': [ '6.0.4' ],
76 silly audit   'type-is': [ '1.6.18' ],
76 silly audit   'uid-safe': [ '2.1.5' ],
76 silly audit   uid2: [ '0.0.4' ],
76 silly audit   'undici-types': [ '6.11.1' ],
76 silly audit   unpipe: [ '1.0.0' ],
76 silly audit   until: [ '0.1.1' ],
76 silly audit   'utils-merge': [ '1.0.1' ],
76 silly audit   vary: [ '1.1.2' ],
76 silly audit   wrappy: [ '1.0.2' ],
76 silly audit   dotenv: [ '17.2.2' ],
76 silly audit   npm: [ '11.6.0' ],
76 silly audit   'ansi-regex': [ '6.1.0', '5.0.1' ],
76 silly audit   'emoji-regex': [ '9.2.2', '8.0.0' ],
76 silly audit   'string-width': [ '5.1.2', '4.2.3' ],
76 silly audit   'strip-ansi': [ '7.1.0', '6.0.1' ],
76 silly audit   chownr: [ '3.0.0', '2.0.0' ],
76 silly audit   minizlib: [ '3.0.2', '2.1.2' ],
76 silly audit   mkdirp: [ '3.0.1', '1.0.4' ],
76 silly audit   tar: [ '7.4.3', '6.2.1' ],
76 silly audit   yallist: [ '5.0.0', '4.0.0' ],
76 silly audit   which: [ '2.0.2', '5.0.0' ],
76 silly audit   'fs-minipass': [ '3.0.3', '2.1.0' ],
76 silly audit   isexe: [ '2.0.0', '3.1.1' ],
76 silly audit   minipass: [ '7.1.2', '3.3.6', '5.0.0' ],
76 silly audit   'spdx-expression-parse': [ '3.0.1', '4.0.0' ],
76 silly audit   'wrap-ansi': [ '8.1.0', '7.0.0' ],
76 silly audit   uninstall: [ '0.0.0' ],
76 silly audit   '@isaacs/cliui': [ '8.0.2' ],
76 silly audit   '@isaacs/fs-minipass': [ '4.0.1' ],
76 silly audit   '@isaacs/string-locale-compare': [ '1.1.0' ],
76 silly audit   '@npmcli/agent': [ '3.0.0' ],
76 silly audit   '@npmcli/arborist': [ '9.1.4' ],
76 silly audit   '@npmcli/config': [ '10.4.0' ],
76 silly audit   '@npmcli/fs': [ '4.0.0' ],
76 silly audit   '@npmcli/git': [ '6.0.3' ],
76 silly audit   '@npmcli/installed-package-contents': [ '3.0.0' ],
76 silly audit   '@npmcli/map-workspaces': [ '4.0.2' ],
76 silly audit   '@npmcli/metavuln-calculator': [ '9.0.1' ],
76 silly audit   '@npmcli/name-from-folder': [ '3.0.0' ],
76 silly audit   '@npmcli/node-gyp': [ '4.0.0' ],
76 silly audit   '@npmcli/package-json': [ '6.2.0' ],
76 silly audit   '@npmcli/promise-spawn': [ '8.0.2' ],
76 silly audit   '@npmcli/query': [ '4.0.1' ],
76 silly audit   '@npmcli/redact': [ '3.2.2' ],
76 silly audit   '@npmcli/run-script': [ '9.1.0' ],
76 silly audit   '@pkgjs/parseargs': [ '0.11.0' ],
76 silly audit   '@sigstore/bundle': [ '3.1.0' ],
76 silly audit   '@sigstore/core': [ '2.0.0' ],
76 silly audit   '@sigstore/protobuf-specs': [ '0.4.3' ],
76 silly audit   '@sigstore/sign': [ '3.1.0' ],
76 silly audit   '@sigstore/tuf': [ '3.1.1' ],
76 silly audit   '@sigstore/verify': [ '2.1.1' ],
76 silly audit   '@tufjs/canonical-json': [ '2.0.0' ],
76 silly audit   '@tufjs/models': [ '3.0.1' ],
76 silly audit   abbrev: [ '3.0.1' ],
76 silly audit   'agent-base': [ '7.1.4' ],
76 silly audit   aproba: [ '2.1.0' ],
76 silly audit   archy: [ '1.0.0' ],
76 silly audit   'bin-links': [ '5.0.0' ],
76 silly audit   'binary-extensions': [ '3.1.0' ],
76 silly audit   cacache: [ '19.0.1' ],
76 silly audit   'ci-info': [ '4.3.0' ],
76 silly audit   'cidr-regex': [ '4.1.3' ],
76 silly audit   'cli-columns': [ '4.0.0' ],
76 silly audit   'cmd-shim': [ '7.0.0' ],
76 silly audit   'common-ancestor-path': [ '1.0.1' ],
76 silly audit   'cross-spawn': [ '7.0.6' ],
76 silly audit   cssesc: [ '3.0.0' ],
76 silly audit   diff: [ '7.0.0' ],
76 silly audit   eastasianwidth: [ '0.2.0' ],
76 silly audit   encoding: [ '0.1.13' ],
76 silly audit   'env-paths': [ '2.2.1' ],
76 silly audit   'err-code': [ '2.0.3' ],
76 silly audit   'exponential-backoff': [ '3.1.2' ],
76 silly audit   'fastest-levenshtein': [ '1.0.16' ],
76 silly audit   'foreground-child': [ '3.3.1' ],
76 silly audit   'graceful-fs': [ '4.2.11' ],
76 silly audit   'hosted-git-info': [ '8.1.0' ],
76 silly audit   'http-cache-semantics': [ '4.2.0' ],
76 silly audit   'http-proxy-agent': [ '7.0.2' ],
76 silly audit   'https-proxy-agent': [ '7.0.6' ],
76 silly audit   'ignore-walk': [ '7.0.0' ],
76 silly audit   imurmurhash: [ '0.1.4' ],
76 silly audit   ini: [ '5.0.0' ],
76 silly audit   'init-package-json': [ '8.2.1' ],
76 silly audit   'ip-address': [ '9.0.5' ],
76 silly audit   'ip-regex': [ '5.0.0' ],
76 silly audit   'is-cidr': [ '5.1.1' ],
76 silly audit   'is-fullwidth-code-point': [ '3.0.0' ],
76 silly audit   jackspeak: [ '3.4.3' ],
76 silly audit   jsbn: [ '1.1.0' ],
76 silly audit   'json-parse-even-better-errors': [ '4.0.0' ],
76 silly audit   'json-stringify-nice': [ '1.1.4' ],
76 silly audit   jsonparse: [ '1.3.1' ],
76 silly audit   'just-diff': [ '6.0.2' ],
76 silly audit   'just-diff-apply': [ '5.5.0' ],
76 silly audit   libnpmaccess: [ '10.0.1' ],
76 silly audit   libnpmdiff: [ '8.0.7' ],
76 silly audit   libnpmexec: [ '10.1.6' ],
76 silly audit   libnpmfund: [ '7.0.7' ],
76 silly audit   libnpmorg: [ '8.0.0' ],
76 silly audit   libnpmpack: [ '9.0.7' ],
76 silly audit   libnpmpublish: [ '11.1.0' ],
76 silly audit   libnpmsearch: [ '9.0.0' ],
76 silly audit   libnpmteam: [ '8.0.1' ],
76 silly audit   libnpmversion: [ '8.0.1' ],
76 silly audit   'lru-cache': [ '10.4.3' ],
76 silly audit   'make-fetch-happen': [ '14.0.3' ],
76 silly audit   'minipass-collect': [ '2.0.1' ],
76 silly audit   'minipass-fetch': [ '4.0.1' ],
76 silly audit   'minipass-flush': [ '1.0.5' ],
76 silly audit   'minipass-pipeline': [ '1.2.4' ],
76 silly audit   'minipass-sized': [ '1.0.3' ],
76 silly audit   'mute-stream': [ '2.0.0' ],
76 silly audit   'node-gyp': [ '11.2.0' ],
76 silly audit   nopt: [ '8.1.0' ],
76 silly audit   'normalize-package-data': [ '7.0.1' ],
76 silly audit   'npm-audit-report': [ '6.0.0' ],
76 silly audit   'npm-bundled': [ '4.0.0' ],
76 silly audit   'npm-install-checks': [ '7.1.1' ],
76 silly audit   'npm-normalize-package-bin': [ '4.0.0' ],
76 silly audit   'npm-package-arg': [ '12.0.2' ],
76 silly audit   'npm-packlist': [ '10.0.0' ],
76 silly audit   'npm-pick-manifest': [ '10.0.0' ],
76 silly audit   'npm-profile': [ '11.0.1' ],
76 silly audit   'npm-registry-fetch': [ '18.0.2' ],
76 silly audit   'npm-user-validate': [ '3.0.0' ],
76 silly audit   'p-map': [ '7.0.3' ],
76 silly audit   'package-json-from-dist': [ '1.0.1' ],
76 silly audit   pacote: [ '21.0.0' ],
76 silly audit   'parse-conflict-json': [ '4.0.0' ],
76 silly audit   'path-key': [ '3.1.1' ],
76 silly audit   'path-scurry': [ '1.11.1' ],
76 silly audit   'postcss-selector-parser': [ '7.1.0' ],
76 silly audit   'proc-log': [ '5.0.0' ],
76 silly audit   proggy: [ '3.0.0' ],
76 silly audit   'promise-all-reject-late': [ '1.0.1' ],
76 silly audit   'promise-call-limit': [ '3.0.2' ],
76 silly audit   'promise-retry': [ '2.0.1' ],
76 silly audit   promzard: [ '2.0.0' ],
76 silly audit   'qrcode-terminal': [ '0.12.0' ],
76 silly audit   read: [ '4.1.0' ],
76 silly audit   'read-cmd-shim': [ '5.0.0' ],
76 silly audit   'read-package-json-fast': [ '4.0.0' ],
76 silly audit   retry: [ '0.12.0' ],
76 silly audit   semver: [ '7.7.2' ],
76 silly audit   'shebang-command': [ '2.0.0' ],
76 silly audit   'shebang-regex': [ '3.0.0' ],
76 silly audit   'signal-exit': [ '4.1.0' ],
76 silly audit   sigstore: [ '3.1.0' ],
76 silly audit   'smart-buffer': [ '4.2.0' ],
76 silly audit   socks: [ '2.8.6' ],
76 silly audit   'socks-proxy-agent': [ '8.0.5' ],
76 silly audit   'spdx-correct': [ '3.2.0' ],
76 silly audit   'spdx-exceptions': [ '2.5.0' ],
76 silly audit   'spdx-license-ids': [ '3.0.21' ],
76 silly audit   'sprintf-js': [ '1.1.3' ],
76 silly audit   ssri: [ '12.0.0' ],
76 silly audit   'text-table': [ '0.2.0' ],
76 silly audit   'tiny-relative-date': [ '1.3.0' ],
76 silly audit   tinyglobby: [ '0.2.14' ],
76 silly audit   fdir: [ '6.4.6' ],
76 silly audit   picomatch: [ '4.0.3' ],
76 silly audit   treeverse: [ '3.0.0' ],
76 silly audit   'tuf-js': [ '3.1.0' ],
76 silly audit   'unique-filename': [ '4.0.0' ],
76 silly audit   'unique-slug': [ '5.0.0' ],
76 silly audit   'util-deprecate': [ '1.0.2' ],
76 silly audit   'validate-npm-package-license': [ '3.0.4' ],
76 silly audit   'validate-npm-package-name': [ '6.0.2' ],
76 silly audit   'walk-up-path': [ '4.0.0' ],
76 silly audit   'write-file-atomic': [ '6.0.0' ]
76 silly audit }
77 timing reify:unpack Completed in 1ms
78 timing reify:unretire Completed in 0ms
79 timing build:queue Completed in 0ms
80 timing build:deps Completed in 0ms
81 timing build Completed in 0ms
82 timing reify:build Completed in 2ms
83 timing reify:trash Completed in 0ms
84 timing reify:save Completed in 195ms
85 http fetch POST 200 https://registry.npmjs.org/-/npm/v1/security/advisories/bulk 239ms
86 timing auditReport:getReport Completed in 246ms
87 silly audit report {
87 silly audit report   undici: [
87 silly audit report     {
87 silly audit report       id: 1102442,
87 silly audit report       url: 'https://github.com/advisories/GHSA-m4v8-wqvr-p9f7',
87 silly audit report       title: "Undici's Proxy-Authorization header not cleared on cross-origin redirect for dispatch, request, stream, pipeline",
87 silly audit report       severity: 'low',
87 silly audit report       vulnerable_versions: '<5.28.4',
87 silly audit report       cwe: [Array],
87 silly audit report       cvss: [Object]
87 silly audit report     },
87 silly audit report     {
87 silly audit report       id: 1101610,
87 silly audit report       url: 'https://github.com/advisories/GHSA-c76h-2ccp-4975',
87 silly audit report       title: 'Use of Insufficiently Random Values in undici',
87 silly audit report       severity: 'moderate',
87 silly audit report       vulnerable_versions: '>=4.5.0 <5.28.5',
87 silly audit report       cwe: [Array],
87 silly audit report       cvss: [Object]
87 silly audit report     },
87 silly audit report     {
87 silly audit report       id: 1104501,
87 silly audit report       url: 'https://github.com/advisories/GHSA-cxrh-j4jr-qwg3',
87 silly audit report       title: 'undici Denial of Service attack via bad certificate data',
87 silly audit report       severity: 'low',
87 silly audit report       vulnerable_versions: '<5.29.0',
87 silly audit report       cwe: [Array],
87 silly audit report       cvss: [Object]
87 silly audit report     },
87 silly audit report     {
87 silly audit report       id: 1097200,
87 silly audit report       url: 'https://github.com/advisories/GHSA-9qxr-qj54-h672',
87 silly audit report       title: "Undici's fetch with integrity option is too lax when algorithm is specified but hash value is in incorrect",
87 silly audit report       severity: 'low',
87 silly audit report       vulnerable_versions: '<5.28.4',
87 silly audit report       cwe: [Array],
87 silly audit report       cvss: [Object]
87 silly audit report     },
87 silly audit report     {
87 silly audit report       id: 1097221,
87 silly audit report       url: 'https://github.com/advisories/GHSA-3787-6prv-h9w3',
87 silly audit report       title: 'Undici proxy-authorization header not cleared on cross-origin redirect in fetch',
87 silly audit report       severity: 'low',
87 silly audit report       vulnerable_versions: '<=5.28.2',
87 silly audit report       cwe: [Array],
87 silly audit report       cvss: [Object]
87 silly audit report     }
87 silly audit report   ],
87 silly audit report   ws: [
87 silly audit report     {
87 silly audit report       id: 1098392,
87 silly audit report       url: 'https://github.com/advisories/GHSA-3h5v-q93c-6h6q',
87 silly audit report       title: 'ws affected by a DoS when handling a request with many HTTP headers',
87 silly audit report       severity: 'high',
87 silly audit report       vulnerable_versions: '>=8.0.0 <8.17.1',
87 silly audit report       cwe: [Array],
87 silly audit report       cvss: [Object]
87 silly audit report     }
87 silly audit report   ],
87 silly audit report   'body-parser': [
87 silly audit report     {
87 silly audit report       id: 1099520,
87 silly audit report       url: 'https://github.com/advisories/GHSA-qwcr-r2fm-qrc7',
87 silly audit report       title: 'body-parser vulnerable to denial of service when url encoding is enabled',
87 silly audit report       severity: 'high',
87 silly audit report       vulnerable_versions: '<1.20.3',
87 silly audit report       cwe: [Array],
87 silly audit report       cvss: [Object]
87 silly audit report     }
87 silly audit report   ],
87 silly audit report   'brace-expansion': [
87 silly audit report     {
87 silly audit report       id: 1105443,
87 silly audit report       url: 'https://github.com/advisories/GHSA-v6h2-p8h4-qcjw',
87 silly audit report       title: 'brace-expansion Regular Expression Denial of Service vulnerability',
87 silly audit report       severity: 'low',
87 silly audit report       vulnerable_versions: '>=1.0.0 <=1.1.11',
87 silly audit report       cwe: [Array],
87 silly audit report       cvss: [Object]
87 silly audit report     },
87 silly audit report     {
87 silly audit report       id: 1105444,
87 silly audit report       url: 'https://github.com/advisories/GHSA-v6h2-p8h4-qcjw',
87 silly audit report       title: 'brace-expansion Regular Expression Denial of Service vulnerability',
87 silly audit report       severity: 'low',
87 silly audit report       vulnerable_versions: '>=2.0.0 <=2.0.1',
87 silly audit report       cwe: [Array],
87 silly audit report       cvss: [Object]
87 silly audit report     }
87 silly audit report   ],
87 silly audit report   cookie: [
87 silly audit report     {
87 silly audit report       id: 1103907,
87 silly audit report       url: 'https://github.com/advisories/GHSA-pxg6-pf52-xh8x',
87 silly audit report       title: 'cookie accepts cookie name, path, and domain with out of bounds characters',
87 silly audit report       severity: 'low',
87 silly audit report       vulnerable_versions: '<0.7.0',
87 silly audit report       cwe: [Array],
87 silly audit report       cvss: [Object]
87 silly audit report     }
87 silly audit report   ],
87 silly audit report   express: [
87 silly audit report     {
87 silly audit report       id: 1100530,
87 silly audit report       url: 'https://github.com/advisories/GHSA-qw6h-vgh9-j6wx',
87 silly audit report       title: 'express vulnerable to XSS via response.redirect()',
87 silly audit report       severity: 'low',
87 silly audit report       vulnerable_versions: '<4.20.0',
87 silly audit report       cwe: [Array],
87 silly audit report       cvss: [Object]
87 silly audit report     }
87 silly audit report   ],
87 silly audit report   'node-fetch': [
87 silly audit report     {
87 silly audit report       id: 1098225,
87 silly audit report       url: 'https://github.com/advisories/GHSA-w7rc-rwvf-8q5r',
87 silly audit report       title: "The `size` option isn't honored after following a redirect in node-fetch",
87 silly audit report       severity: 'low',
87 silly audit report       vulnerable_versions: '>=2.0.0 <2.6.1',
87 silly audit report       cwe: [Array],
87 silly audit report       cvss: [Object]
87 silly audit report     },
87 silly audit report     {
87 silly audit report       id: 1095073,
87 silly audit report       url: 'https://github.com/advisories/GHSA-r683-j2x4-v87g',
87 silly audit report       title: 'node-fetch forwards secure headers to untrusted sites',
87 silly audit report       severity: 'high',
87 silly audit report       vulnerable_versions: '<2.6.7',
87 silly audit report       cwe: [Array],
87 silly audit report       cvss: [Object]
87 silly audit report     }
87 silly audit report   ],
87 silly audit report   'on-headers': [
87 silly audit report     {
87 silly audit report       id: 1106812,
87 silly audit report       url: 'https://github.com/advisories/GHSA-76c9-3jph-rj3q',
87 silly audit report       title: 'on-headers is vulnerable to http response header manipulation',
87 silly audit report       severity: 'low',
87 silly audit report       vulnerable_versions: '<1.1.0',
87 silly audit report       cwe: [Array],
87 silly audit report       cvss: [Object]
87 silly audit report     }
87 silly audit report   ],
87 silly audit report   'path-to-regexp': [
87 silly audit report     {
87 silly audit report       id: 1101850,
87 silly audit report       url: 'https://github.com/advisories/GHSA-9wv6-86v2-598j',
87 silly audit report       title: 'path-to-regexp outputs backtracking regular expressions',
87 silly audit report       severity: 'high',
87 silly audit report       vulnerable_versions: '<0.1.10',
87 silly audit report       cwe: [Array],
87 silly audit report       cvss: [Object]
87 silly audit report     },
87 silly audit report     {
87 silly audit report       id: 1105199,
87 silly audit report       url: 'https://github.com/advisories/GHSA-rhx6-c78j-4q9w',
87 silly audit report       title: 'path-to-regexp contains a ReDoS',
87 silly audit report       severity: 'high',
87 silly audit report       vulnerable_versions: '<0.1.12',
87 silly audit report       cwe: [Array],
87 silly audit report       cvss: [Object]
87 silly audit report     }
87 silly audit report   ],
87 silly audit report   send: [
87 silly audit report     {
87 silly audit report       id: 1100526,
87 silly audit report       url: 'https://github.com/advisories/GHSA-m6fv-jmcg-4jfg',
87 silly audit report       title: 'send vulnerable to template injection that can lead to XSS',
87 silly audit report       severity: 'low',
87 silly audit report       vulnerable_versions: '<0.19.0',
87 silly audit report       cwe: [Array],
87 silly audit report       cvss: [Object]
87 silly audit report     }
87 silly audit report   ],
87 silly audit report   'serve-static': [
87 silly audit report     {
87 silly audit report       id: 1100528,
87 silly audit report       url: 'https://github.com/advisories/GHSA-cm22-4g7w-348p',
87 silly audit report       title: 'serve-static vulnerable to template injection that can lead to XSS',
87 silly audit report       severity: 'low',
87 silly audit report       vulnerable_versions: '<1.16.0',
87 silly audit report       cwe: [Array],
87 silly audit report       cvss: [Object]
87 silly audit report     }
87 silly audit report   ]
87 silly audit report }
88 timing metavuln:cache:get:security-advisory:undici:ZJXUvFBLBVv6KWWcLwE1oMyzW4YjKYjAZstg6dr7dcy/i7lKM9IMBr6/GHPAE0xb5Y2zG+hO9RRJsxejQvJAgw== Completed in 65ms
89 timing metavuln:cache:get:security-advisory:undici:wgHf7U4RLTFkb7i755dmQhFM81F6PPTmbVWsJDFE0Gm+SCZgfwOgSYird3q9ZlmyJkmUyO3QlEP3UfvMkvazdg== Completed in 68ms
90 timing metavuln:cache:get:security-advisory:undici:jsNyNlukHQX/1i4LuYKN3cZCuXKfu2x92ozRygCBxVuiExwL9TkThkc916gjlJGQawfN2Zatds6h//glb3um1Q== Completed in 66ms
91 timing metavuln:cache:get:security-advisory:undici:b3oQ3g+hj5SMgnSURhB4kIqOkHt2IsYm2a0haI1yHGuf1J25TaGtftXhEW1qa2Mh6Sh8mU/Zkap9kW71veIGgQ== Completed in 66ms
92 timing metavuln:cache:get:security-advisory:undici:EFWxERUMzcdft7d+aD1MasDluk3Z64n0tXO2QsdhFRBK2P74gW20u4/aCJK8OC4A4F1wxBCxTgsKKdiBuyCKwA== Completed in 66ms
93 timing metavuln:cache:get:security-advisory:body-parser:uoEU0GS6gk35ZdcQ5nagZYzZcDz5Th0PEvPIVa8rzwbO20pRdxYbAhpIm6Wc5MALXoWb1C4X8WqCtH02U0Wo1A== Completed in 28ms
94 timing metavuln:cache:get:security-advisory:brace-expansion:7IQMvcVTr+svbh5KCx4Kl6FQKJ1GciM03BnJAve/5WYJjUeRzKAIrStVpfachbl3T6a7o8nYlQEVG6Ih0TNXRg== Completed in 27ms
95 timing metavuln:cache:get:security-advisory:brace-expansion:mClmYqWawCNXseeTBHWiIwZH/2CmFUqPCmosJIeOhAgD9z1v3SayhHAwaWVo8wmeKU/JN9VP4zDBeXaqy3Ay2A== Completed in 26ms
96 timing metavuln:cache:get:security-advisory:cookie:EFt7h/FZLeopARa06+F2CBY5ItUm007mP/cHgZjTJZX1MeIwg3JD7toSioRoDeE8wm5VdkimqlS+CnuPhZqbIg== Completed in 26ms
97 timing metavuln:cache:get:security-advisory:node-fetch:m7l7T3gyNsgQjn6KN1KQGgtkz8DeC4+eOwArA5f1knP5klw8C9IjTx3R+GISlqcJU2A+xVX+us6LW8foneGAzw== Completed in 24ms
98 timing metavuln:cache:get:security-advisory:ws:v2Har794Be+6XfcvT/NJHW1cDl3bIscCiu/kNNCIy/l00C5P2Cx1BODrleH5tIDK9p3TMcvLzGMY0Lz9rde8Ww== Completed in 68ms
99 timing metavuln:cache:get:security-advisory:express:Y6ACp2DmYM+0HQ/I8CvEhLQJwNp8DOoQ76C8ObH06Y0qG40PIuVRmOi3OWzwUOTASTLCIWqeicWSO/acR3aaGQ== Completed in 26ms
100 timing metavuln:cache:get:security-advisory:on-headers:O+Ys/f4bZubU3jA9Sqz4HIIJaATwc83W201O653Eo/4y8FTwrgSc3mrXs4p8n7svj0OzipJYTBXXWJCgp81mSQ== Completed in 24ms
101 timing metavuln:cache:get:security-advisory:path-to-regexp:1zdQfT/2s1/9HPIPcJl7TnWCFxsytt3sSe7T+xPf8FNpp2H4co4yvyKagGg4lKEjTVlcftvXdieAZPONp1djoQ== Completed in 24ms
102 timing metavuln:cache:get:security-advisory:serve-static:VyBBWzRCPk4QPwU71mkZJ+QZdwW0bnbx/lUJDdvhij3t67jGrB4z2A5Ryyta1VjZgpmZ9kuyannc46B7jSSuiQ== Completed in 23ms
103 timing metavuln:cache:get:security-advisory:path-to-regexp:0sP5sOjSm2jEVzBjQIX2s9I2rZ6lj48WyfSR+oVtUzndwLs0Cww28/j1R5EWf/fv+a3hc7KtVDL8gxcHV6kAiQ== Completed in 24ms
104 timing metavuln:cache:get:security-advisory:node-fetch:Wb+t4nAQ2QbaIBANpGyR0NxscSBZkieQWww78xJqkUCEc1IjJximva83HGHVo/GYYeWrc8xY5cA+dCV5VX2QDA== Completed in 25ms
105 timing metavuln:cache:get:security-advisory:send:OO84Jm+bi6L8ol/TxvTv+544ykBtTelmjwigseeY2D0sCzg0KsHTtaRRJob9h32hC3fi9i3JSBR51oHF0vvyRQ== Completed in 23ms
106 http fetch GET 200 https://registry.npmjs.org/on-headers 110ms (cache revalidated)
107 timing metavuln:packument:on-headers Completed in 110ms
108 timing metavuln:load:security-advisory:on-headers:1106812 Completed in 0ms
109 timing metavuln:calculate:security-advisory:on-headers:1106812 Completed in 112ms
110 http fetch GET 200 https://registry.npmjs.org/body-parser 116ms (cache revalidated)
111 timing metavuln:packument:body-parser Completed in 119ms
112 timing metavuln:load:security-advisory:body-parser:1099520 Completed in 1ms
113 timing metavuln:calculate:security-advisory:body-parser:1099520 Completed in 120ms
114 http fetch GET 200 https://registry.npmjs.org/node-fetch 134ms (cache revalidated)
115 timing metavuln:packument:node-fetch Completed in 136ms
116 timing metavuln:load:security-advisory:node-fetch:1098225 Completed in 0ms
117 timing metavuln:calculate:security-advisory:node-fetch:1098225 Completed in 137ms
118 timing metavuln:load:security-advisory:node-fetch:1095073 Completed in 0ms
119 timing metavuln:calculate:security-advisory:node-fetch:1095073 Completed in 138ms
120 http fetch GET 200 https://registry.npmjs.org/cookie 152ms (cache revalidated)
121 timing metavuln:packument:cookie Completed in 154ms
122 timing metavuln:load:security-advisory:cookie:1103907 Completed in 43ms
123 timing metavuln:calculate:security-advisory:cookie:1103907 Completed in 198ms
124 http fetch GET 200 https://registry.npmjs.org/serve-static 194ms (cache revalidated)
125 timing metavuln:packument:serve-static Completed in 195ms
126 timing metavuln:load:security-advisory:serve-static:1100528 Completed in 0ms
127 timing metavuln:calculate:security-advisory:serve-static:1100528 Completed in 197ms
128 http fetch GET 200 https://registry.npmjs.org/send 199ms (cache revalidated)
129 timing metavuln:packument:send Completed in 201ms
130 timing metavuln:load:security-advisory:send:1100526 Completed in 1ms
131 timing metavuln:calculate:security-advisory:send:1100526 Completed in 203ms
132 http fetch GET 200 https://registry.npmjs.org/ws 222ms (cache revalidated)
133 timing metavuln:packument:ws Completed in 225ms
134 timing metavuln:load:security-advisory:ws:1098392 Completed in 2ms
135 timing metavuln:calculate:security-advisory:ws:1098392 Completed in 265ms
136 http fetch GET 200 https://registry.npmjs.org/brace-expansion 224ms (cache revalidated)
137 timing metavuln:packument:brace-expansion Completed in 226ms
138 timing metavuln:load:security-advisory:brace-expansion:1105443 Completed in 0ms
139 timing metavuln:calculate:security-advisory:brace-expansion:1105443 Completed in 226ms
140 timing metavuln:load:security-advisory:brace-expansion:1105444 Completed in 0ms
141 timing metavuln:calculate:security-advisory:brace-expansion:1105444 Completed in 225ms
142 http fetch GET 200 https://registry.npmjs.org/path-to-regexp 222ms (cache revalidated)
143 timing metavuln:packument:path-to-regexp Completed in 223ms
144 timing metavuln:load:security-advisory:path-to-regexp:1101850 Completed in 1ms
145 timing metavuln:calculate:security-advisory:path-to-regexp:1101850 Completed in 225ms
146 timing metavuln:load:security-advisory:path-to-regexp:1105199 Completed in 0ms
147 timing metavuln:calculate:security-advisory:path-to-regexp:1105199 Completed in 224ms
148 http fetch GET 200 https://registry.npmjs.org/undici 271ms (cache revalidated)
149 timing metavuln:packument:undici Completed in 277ms
150 timing metavuln:load:security-advisory:undici:1102442 Completed in 2ms
151 timing metavuln:calculate:security-advisory:undici:1102442 Completed in 281ms
152 timing metavuln:load:security-advisory:undici:1101610 Completed in 1ms
153 timing metavuln:calculate:security-advisory:undici:1101610 Completed in 280ms
154 timing metavuln:load:security-advisory:undici:1104501 Completed in 3ms
155 timing metavuln:calculate:security-advisory:undici:1104501 Completed in 283ms
156 timing metavuln:load:security-advisory:undici:1097200 Completed in 3ms
157 timing metavuln:calculate:security-advisory:undici:1097200 Completed in 286ms
158 timing metavuln:load:security-advisory:undici:1097221 Completed in 2ms
159 timing metavuln:calculate:security-advisory:undici:1097221 Completed in 288ms
160 http fetch GET 200 https://registry.npmjs.org/express 246ms (cache revalidated)
161 timing metavuln:packument:express Completed in 302ms
162 timing metavuln:load:security-advisory:express:1100530 Completed in 2ms
163 timing metavuln:calculate:security-advisory:express:1100530 Completed in 305ms
164 timing metavuln:cache:get:security-advisory:boda.js:Z4fd6FDWycKqFJ1usFuUY2jQRWn1wjCJMTb6z17WbQgxlNn2yEYk/R7iBpNShUFa5sfUrE8mtm1pEzrEakPYzQ== Completed in 5ms
165 http fetch GET 200 https://registry.npmjs.org/boda.js 692ms (cache revalidated)
166 timing metavuln:packument:boda.js Completed in 693ms
167 timing metavuln:load:security-advisory:boda.js:wgHf7U4RLTFkb7i755dmQhFM81F6PPTmbVWsJDFE0Gm+SCZgfwOgSYird3q9ZlmyJkmUyO3QlEP3UfvMkvazdg== Completed in 1ms
168 timing metavuln:calculate:security-advisory:boda.js:wgHf7U4RLTFkb7i755dmQhFM81F6PPTmbVWsJDFE0Gm+SCZgfwOgSYird3q9ZlmyJkmUyO3QlEP3UfvMkvazdg== Completed in 694ms
169 timing metavuln:cache:get:security-advisory:boda.js:j/NhCo9U4eENNmw/1MFg2BgBrhgR7suRuZQRqjn7s/kLiqM0E0DNnnnj8F8St+OZHjMfCz9Tzlhyh3YcwsMzcw== Completed in 1ms
170 timing metavuln:load:security-advisory:boda.js:v2Har794Be+6XfcvT/NJHW1cDl3bIscCiu/kNNCIy/l00C5P2Cx1BODrleH5tIDK9p3TMcvLzGMY0Lz9rde8Ww== Completed in 0ms
171 timing metavuln:calculate:security-advisory:boda.js:v2Har794Be+6XfcvT/NJHW1cDl3bIscCiu/kNNCIy/l00C5P2Cx1BODrleH5tIDK9p3TMcvLzGMY0Lz9rde8Ww== Completed in 2ms
172 timing metavuln:cache:get:security-advisory:express:jvTd6gzTcOHtTpI+4CX7Ne4qICdj+n1Uun+dHPDk1JAyy9ltqA8JnsvVhBi+M0Y+kR5QoSv5YqjecJACWBUhEA== Completed in 2ms
173 timing metavuln:load:security-advisory:express:uoEU0GS6gk35ZdcQ5nagZYzZcDz5Th0PEvPIVa8rzwbO20pRdxYbAhpIm6Wc5MALXoWb1C4X8WqCtH02U0Wo1A== Completed in 1ms
174 timing metavuln:calculate:security-advisory:express:uoEU0GS6gk35ZdcQ5nagZYzZcDz5Th0PEvPIVa8rzwbO20pRdxYbAhpIm6Wc5MALXoWb1C4X8WqCtH02U0Wo1A== Completed in 3ms
175 timing metavuln:cache:get:security-advisory:minimatch:EdzP79sukXfwnaTxyFO/a1+fXPBBvIH9NlsgWGTGWGSpQkNPxYQxFaMxiKCAwfckwBABbsvD1jCrk+QZ4W56Rw== Completed in 4ms
176 http fetch GET 200 https://registry.npmjs.org/minimatch 33ms (cache revalidated)
177 timing metavuln:packument:minimatch Completed in 35ms
178 timing metavuln:load:security-advisory:minimatch:7IQMvcVTr+svbh5KCx4Kl6FQKJ1GciM03BnJAve/5WYJjUeRzKAIrStVpfachbl3T6a7o8nYlQEVG6Ih0TNXRg== Completed in 0ms
179 timing metavuln:calculate:security-advisory:minimatch:7IQMvcVTr+svbh5KCx4Kl6FQKJ1GciM03BnJAve/5WYJjUeRzKAIrStVpfachbl3T6a7o8nYlQEVG6Ih0TNXRg== Completed in 36ms
180 timing metavuln:cache:get:security-advisory:minimatch:47aVejY8/1KnEnFlTo+uF90a7w1XvtOjMP1i7DvyX4+jxy/wlG4RjX1rMW+bmptQMpL8TSkcMyWTMH7gxl9Fpg== Completed in 2ms
181 timing metavuln:load:security-advisory:minimatch:mClmYqWawCNXseeTBHWiIwZH/2CmFUqPCmosJIeOhAgD9z1v3SayhHAwaWVo8wmeKU/JN9VP4zDBeXaqy3Ay2A== Completed in 1ms
182 timing metavuln:calculate:security-advisory:minimatch:mClmYqWawCNXseeTBHWiIwZH/2CmFUqPCmosJIeOhAgD9z1v3SayhHAwaWVo8wmeKU/JN9VP4zDBeXaqy3Ay2A== Completed in 3ms
183 timing metavuln:cache:get:security-advisory:express:sb5aHYxuv7oTd2v1ApotGTTuwOWqb9o3qRQ2W5Aju5V6v7nYbGS+2GR0OxQkrB3Sgzu051IbP4LwzpKgrH2WGQ== Completed in 3ms
184 timing metavuln:load:security-advisory:express:EFt7h/FZLeopARa06+F2CBY5ItUm007mP/cHgZjTJZX1MeIwg3JD7toSioRoDeE8wm5VdkimqlS+CnuPhZqbIg== Completed in 3ms
185 timing metavuln:calculate:security-advisory:express:EFt7h/FZLeopARa06+F2CBY5ItUm007mP/cHgZjTJZX1MeIwg3JD7toSioRoDeE8wm5VdkimqlS+CnuPhZqbIg== Completed in 6ms
186 timing metavuln:cache:get:security-advisory:express-session:RFFw5smL0rZuDKrfLxn6699poueLzOCubLBSzyfAqaGQ6Eq4WbWvd70fXxwEsYVZTTDGSh5+AhanApzKk8vNmQ== Completed in 5ms
187 http fetch GET 200 https://registry.npmjs.org/express-session 35ms (cache revalidated)
188 timing metavuln:packument:express-session Completed in 36ms
189 timing metavuln:load:security-advisory:express-session:EFt7h/FZLeopARa06+F2CBY5ItUm007mP/cHgZjTJZX1MeIwg3JD7toSioRoDeE8wm5VdkimqlS+CnuPhZqbIg== Completed in 1ms
190 timing metavuln:calculate:security-advisory:express-session:EFt7h/FZLeopARa06+F2CBY5ItUm007mP/cHgZjTJZX1MeIwg3JD7toSioRoDeE8wm5VdkimqlS+CnuPhZqbIg== Completed in 38ms
191 timing metavuln:cache:get:security-advisory:express-rate-limit:eEeosa9qEpWyH6QOtlpNOkEI4kEO102msU94Wat3qBYTV1b12CIqUZbqHA0duuZ2AFpOKrxJKOpqFCH8NPNljw== Completed in 6ms
192 http fetch GET 200 https://registry.npmjs.org/express-rate-limit 35ms (cache revalidated)
193 timing metavuln:packument:express-rate-limit Completed in 37ms
194 timing metavuln:load:security-advisory:express-rate-limit:Y6ACp2DmYM+0HQ/I8CvEhLQJwNp8DOoQ76C8ObH06Y0qG40PIuVRmOi3OWzwUOTASTLCIWqeicWSO/acR3aaGQ== Completed in 0ms
195 timing metavuln:calculate:security-advisory:express-rate-limit:Y6ACp2DmYM+0HQ/I8CvEhLQJwNp8DOoQ76C8ObH06Y0qG40PIuVRmOi3OWzwUOTASTLCIWqeicWSO/acR3aaGQ== Completed in 38ms
196 timing metavuln:cache:get:security-advisory:express-session:wMNaFhKiShCC1n8d6Vurah9Tg+OH6hUJ0QyqEQKikAdNih2n7c9rl9FOYr1SwuYmy95c0qUaicIh2p5dg7pDSQ== Completed in 2ms
197 timing metavuln:load:security-advisory:express-session:O+Ys/f4bZubU3jA9Sqz4HIIJaATwc83W201O653Eo/4y8FTwrgSc3mrXs4p8n7svj0OzipJYTBXXWJCgp81mSQ== Completed in 0ms
198 timing metavuln:calculate:security-advisory:express-session:O+Ys/f4bZubU3jA9Sqz4HIIJaATwc83W201O653Eo/4y8FTwrgSc3mrXs4p8n7svj0OzipJYTBXXWJCgp81mSQ== Completed in 3ms
199 timing metavuln:cache:get:security-advisory:express:LRbUnr0WeU21QXyqYq0LKWnxCksZVHamePIRXV3//T9Aj7u3VWNsnM6K5ujI/Z6dfOKKNzbMDayMt+lQ7d6K3A== Completed in 2ms
200 timing metavuln:load:security-advisory:express:1zdQfT/2s1/9HPIPcJl7TnWCFxsytt3sSe7T+xPf8FNpp2H4co4yvyKagGg4lKEjTVlcftvXdieAZPONp1djoQ== Completed in 2ms
201 timing metavuln:calculate:security-advisory:express:1zdQfT/2s1/9HPIPcJl7TnWCFxsytt3sSe7T+xPf8FNpp2H4co4yvyKagGg4lKEjTVlcftvXdieAZPONp1djoQ== Completed in 4ms
202 timing metavuln:cache:get:security-advisory:express:Qe6VF1gD5PmAmaVNrJr0J8EQ8Qwml8HW8gKRPrVTt49nXoALpdty5p0HEWXknOQEYO9qrvzPNstxfrAZkwfmTA== Completed in 2ms
203 timing metavuln:load:security-advisory:express:OO84Jm+bi6L8ol/TxvTv+544ykBtTelmjwigseeY2D0sCzg0KsHTtaRRJob9h32hC3fi9i3JSBR51oHF0vvyRQ== Completed in 2ms
204 timing metavuln:calculate:security-advisory:express:OO84Jm+bi6L8ol/TxvTv+544ykBtTelmjwigseeY2D0sCzg0KsHTtaRRJob9h32hC3fi9i3JSBR51oHF0vvyRQ== Completed in 4ms
205 timing metavuln:cache:get:security-advisory:serve-static:rFrbBZRsSM/oAPkR1kIOYwnT14s34lSDNsxxJua0O3dwCHVL9UuENLbLNsnwWaFICcgsfpfgwdjwWHwu1nJzWQ== Completed in 4ms
206 timing metavuln:load:security-advisory:serve-static:OO84Jm+bi6L8ol/TxvTv+544ykBtTelmjwigseeY2D0sCzg0KsHTtaRRJob9h32hC3fi9i3JSBR51oHF0vvyRQ== Completed in 0ms
207 timing metavuln:calculate:security-advisory:serve-static:OO84Jm+bi6L8ol/TxvTv+544ykBtTelmjwigseeY2D0sCzg0KsHTtaRRJob9h32hC3fi9i3JSBR51oHF0vvyRQ== Completed in 4ms
208 timing metavuln:cache:get:security-advisory:express:kykTo4VuC2rM2MB0/ANQ51tOegcUPd67Lh4iIK7TUUpqt61eQaJ70XtItcffrJ8PoIYxwtnuqm5DJGT19JMA/A== Completed in 5ms
209 timing metavuln:load:security-advisory:express:VyBBWzRCPk4QPwU71mkZJ+QZdwW0bnbx/lUJDdvhij3t67jGrB4z2A5Ryyta1VjZgpmZ9kuyannc46B7jSSuiQ== Completed in 2ms
210 timing metavuln:calculate:security-advisory:express:VyBBWzRCPk4QPwU71mkZJ+QZdwW0bnbx/lUJDdvhij3t67jGrB4z2A5Ryyta1VjZgpmZ9kuyannc46B7jSSuiQ== Completed in 8ms
211 timing auditReport:init Completed in 1197ms
212 timing reify:audit Completed in 1446ms
213 timing reify Completed in 3201ms
214 timing command:install Completed in 3263ms
215 verbose exit 0
216 timing npm Completed in 3770ms
217 info ok
